[debug] [2021-05-05T05:01:54.769Z] ----------------------------------------------------------------------
[debug] [2021-05-05T05:01:54.772Z] Command:       C:\Program Files\nodejs\node.exe C:\Users\AAA\AppData\Roaming\npm\node_modules\firebase-tools\lib\bin\firebase.js init
[debug] [2021-05-05T05:01:54.773Z] CLI Version:   9.10.0
[debug] [2021-05-05T05:01:54.773Z] Platform:      win32
[debug] [2021-05-05T05:01:54.773Z] Node Version:  v14.15.4
[debug] [2021-05-05T05:01:54.777Z] Time:          Wed May 05 2021 14:01:54 GMT+0900 (Korean Standard Time)
[debug] [2021-05-05T05:01:54.778Z] ----------------------------------------------------------------------
[debug] 
[debug] [2021-05-05T05:01:54.790Z] > command requires scopes: ["email","openid","https://www.googleapis.com/auth/cloudplatformprojects.readonly","https://www.googleapis.com/auth/firebase","https://www.googleapis.com/auth/cloud-platform"]
[debug] [2021-05-05T05:01:54.791Z] > authorizing via signed-in user (hyunjee4234@gmail.com)
[info] 
     ######## #### ########  ######## ########     ###     ######  ########
     ##        ##  ##     ## ##       ##     ##  ##   ##  ##       ##
     ######    ##  ########  ######   ########  #########  ######  ######
     ##        ##  ##    ##  ##       ##     ## ##     ##       ## ##
     ##       #### ##     ## ######## ########  ##     ##  ######  ########

You're about to initialize a Firebase project in this directory:

  C:\Users\AAA\myapp

Before we get started, keep in mind:

  * You are initializing in an existing Firebase project directory

[info] 
=== Project Setup
[info] 
[info] First, let's associate this project directory with a Firebase project.
[info] You can create multiple project aliases by running firebase use --add, 
[info] but for now we'll just set up a default project.
[info] 
[info] i  .firebaserc already has a default project, using private-academy-94413. 
[debug] [2021-05-05T05:02:00.201Z] > refreshing access token with scopes: []
[debug] [2021-05-05T05:02:00.201Z] >>> HTTP REQUEST POST https://www.googleapis.com/oauth2/v3/token  
 <request body omitted>
[debug] [2021-05-05T05:02:00.317Z] <<< HTTP RESPONSE 200 {"expires":"Mon, 01 Jan 1990 00:00:00 GMT","pragma":"no-cache","date":"Wed, 05 May 2021 05:02:01 GMT","cache-control":"no-cache, no-store, max-age=0, must-revalidate","content-type":"application/json; charset=utf-8","vary":"X-Origin, Referer, Origin,Accept-Encoding","server":"scaffolding on HTTPServer2","x-xss-protection":"0","x-frame-options":"SAMEORIGIN","x-content-type-options":"nosniff","alt-svc":"h3-29=\":443\"; ma=2592000,h3-T051=\":443\"; ma=2592000,h3-Q050=\":443\"; ma=2592000,h3-Q046=\":443\"; ma=2592000,h3-Q043=\":443\"; ma=2592000,quic=\":443\"; ma=2592000; v=\"46,43\"","accept-ranges":"none","transfer-encoding":"chunked"}
[debug] [2021-05-05T05:02:00.336Z] >>> [apiv2][query] GET https://firebase.googleapis.com/v1beta1/projects/private-academy-94413 [none]
[debug] [2021-05-05T05:02:00.531Z] <<< [apiv2][status] GET https://firebase.googleapis.com/v1beta1/projects/private-academy-94413 200
[debug] [2021-05-05T05:02:00.531Z] <<< [apiv2][body] GET https://firebase.googleapis.com/v1beta1/projects/private-academy-94413 {"projectId":"private-academy-94413","projectNumber":"55266117751","displayName":"Private Academy","name":"projects/private-academy-94413","resources":{"hostingSite":"private-academy-94413"},"state":"ACTIVE"}
[info] 
=== Hosting Setup
[info] 
[info] Your public directory is the folder (relative to your project directory) that
[info] will contain Hosting assets to be uploaded with firebase deploy. If you
[info] have a build process for your assets, use your build's output directory.
[info] 
